#
# There is insufficient memory for the Java Runtime Environment to continue.
# Native memory allocation (malloc) failed to allocate 1048576 bytes for AllocateHeap
# Possible reasons:
#   The system is out of physical RAM or swap space
#   The process is running with CompressedOops enabled, and the Java Heap may be blocking the growth of the native heap
# Possible solutions:
#   Reduce memory load on the system
#   Increase physical memory or swap space
#   Check if swap backing store is full
#   Decrease Java heap size (-Xmx/-Xms)
#   Decrease number of Java threads
#   Decrease Java thread stack sizes (-Xss)
#   Set larger code cache with -XX:ReservedCodeCacheSize=
#   JVM is running with Zero Based Compressed Oops mode in which the Java heap is
#     placed in the first 32GB address space. The Java Heap base address is the
#     maximum limit for the native heap growth. Please use -XX:HeapBaseMinAddress
#     to set the Java Heap base and to place the Java Heap above 32GB virtual address.
# This output file may be truncated or incomplete.
#
#  Out of Memory Error (memory/allocation.inline.hpp:61), pid=20100, tid=0x0000000000005c18
#
# JRE version:  (8.0_192-b12) (build )
# Java VM: Java HotSpot(TM) 64-Bit Server VM (25.192-b12 mixed mode windows-amd64 compressed oops)
# Failed to write core dump. Minidumps are not enabled by default on client versions of Windows
#

---------------  T H R E A D  ---------------

Current thread (0x0000000002dc3000):  JavaThread "Unknown thread" [_thread_in_vm, id=23576, stack(0x0000000002780000,0x0000000002880000)]

Stack: [0x0000000002780000,0x0000000002880000]
[error occurred during error reporting (printing stack bounds), id 0xc0000005]

Native frames: (J=compiled Java code, j=interpreted, Vv=VM code, C=native code)


---------------  P R O C E S S  ---------------

Java Threads: ( => current thread )

Other Threads:

=>0x0000000002dc3000 (exited) JavaThread "Unknown thread" [_thread_in_vm, id=23576, stack(0x0000000002780000,0x0000000002880000)]

VM state:not at safepoint (normal execution)

VM Mutex/Monitor currently owned by a thread: None

heap address: 0x00000006c3800000, size: 4040 MB, Compressed Oops mode: Zero based, Oop shift amount: 3
Narrow klass base: 0x0000000000000000, Narrow klass shift: 3
Compressed class space size: 1073741824 Address: 0x00000007c0000000

Heap:
 PSYoungGen      total 75776K, used 1300K [0x000000076bd80000, 0x0000000771200000, 0x00000007c0000000)
  eden space 65024K, 2% used [0x000000076bd80000,0x000000076bec51f8,0x000000076fd00000)
  from space 10752K, 0% used [0x0000000770780000,0x0000000770780000,0x0000000771200000)
  to   space 10752K, 0% used [0x000000076fd00000,0x000000076fd00000,0x0000000770780000)
 ParOldGen       total 173568K, used 0K [0x00000006c3800000, 0x00000006ce180000, 0x000000076bd80000)
  object space 173568K, 0% used [0x00000006c3800000,0x00000006c3800000,0x00000006ce180000)
 Metaspace       used 786K, capacity 1156K, committed 1408K, reserved 1060864K
  class space    used 76K, capacity 384K, committed 384K, reserved 1048576K

Card table byte_map: [0x0000000012350000,0x0000000012b40000] byte_map_base: 0x000000000ed34000

Marking Bits: (ParMarkBitMap*) 0x000000006dd33ce0
 Begin Bits: [0x0000000013890000, 0x00000000177b0000)
 End Bits:   [0x00000000177b0000, 0x000000001b6d0000)

Polling page: 0x0000000000f70000

CodeCache: size=245760Kb used=328Kb max_used=328Kb free=245431Kb
 bounds [0x0000000002f90000, 0x0000000003200000, 0x0000000011f90000]
 total_blobs=58 nmethods=0 adapters=38
 compilation: enabled

Compilation events (0 events):
No events

GC Heap History (0 events):
No events

Deoptimization events (0 events):
No events

Classes redefined (0 events):
No events

Internal exceptions (0 events):
No events

Events (10 events):
Event: 0.040 loading class java/lang/Short
Event: 0.040 loading class java/lang/Short done
Event: 0.040 loading class java/lang/Integer
Event: 0.040 loading class java/lang/Integer done
Event: 0.040 loading class java/lang/Long
Event: 0.040 loading class java/lang/Long done
Event: 0.041 loading class java/lang/NullPointerException
Event: 0.041 loading class java/lang/NullPointerException done
Event: 0.041 loading class java/lang/ArithmeticException
Event: 0.041 loading class java/lang/ArithmeticException done


Dynamic libraries:
0x00007ff72dd00000 - 0x00007ff72dd37000 	C:\Program Files\Java\jdk1.8.0_192\bin\java.exe
0x00007ffff14d0000 - 0x00007ffff16c5000 	C:\WINDOWS\SYSTEM32\ntdll.dll
0x00007fffef690000 - 0x00007fffef74d000 	C:\WINDOWS\System32\KERNEL32.DLL
0x00007fffef0e0000 - 0x00007fffef3a8000 	C:\WINDOWS\System32\KERNELBASE.dll
0x00007ffff0020000 - 0x00007ffff00cc000 	C:\WINDOWS\System32\ADVAPI32.dll
0x00007ffff1220000 - 0x00007ffff12be000 	C:\WINDOWS\System32\msvcrt.dll
0x00007ffff0410000 - 0x00007ffff04ab000 	C:\WINDOWS\System32\sechost.dll
0x00007ffff0f40000 - 0x00007ffff106b000 	C:\WINDOWS\System32\RPCRT4.dll
0x00007ffff12f0000 - 0x00007ffff1490000 	C:\WINDOWS\System32\USER32.dll
0x00007fffeef10000 - 0x00007fffeef32000 	C:\WINDOWS\System32\win32u.dll
0x00007ffff12c0000 - 0x00007ffff12ea000 	C:\WINDOWS\System32\GDI32.dll
0x00007fffeec10000 - 0x00007fffeed1b000 	C:\WINDOWS\System32\gdi32full.dll
0x00007fffeeff0000 - 0x00007fffef08d000 	C:\WINDOWS\System32\msvcp_win.dll
0x00007fffef3b0000 - 0x00007fffef4b0000 	C:\WINDOWS\System32\ucrtbase.dll
0x00007fffd7d80000 - 0x00007fffd801a000 	C:\WINDOWS\WinSxS\amd64_microsoft.windows.common-controls_6595b64144ccf1df_6.0.19041.844_none_ca00b6081b84eb1d\COMCTL32.dll
0x00007fffefc20000 - 0x00007fffefc50000 	C:\WINDOWS\System32\IMM32.DLL
0x000000006ddc0000 - 0x000000006de91000 	C:\Program Files\Java\jdk1.8.0_192\jre\bin\msvcr100.dll
0x000000006d510000 - 0x000000006ddb3000 	C:\Program Files\Java\jdk1.8.0_192\jre\bin\server\jvm.dll
0x00007ffff02e0000 - 0x00007ffff02e8000 	C:\WINDOWS\System32\PSAPI.DLL
0x00007fffe8ba0000 - 0x00007fffe8bc7000 	C:\WINDOWS\SYSTEM32\WINMM.dll
0x00007fffe6670000 - 0x00007fffe6679000 	C:\WINDOWS\SYSTEM32\WSOCK32.dll
0x00007fffe1710000 - 0x00007fffe171a000 	C:\WINDOWS\SYSTEM32\VERSION.dll
0x00007fffefc50000 - 0x00007fffefcbb000 	C:\WINDOWS\System32\WS2_32.dll
0x00007fffe63f0000 - 0x00007fffe63ff000 	C:\Program Files\Java\jdk1.8.0_192\jre\bin\verify.dll
0x00007fffe2780000 - 0x00007fffe27a9000 	C:\Program Files\Java\jdk1.8.0_192\jre\bin\java.dll
0x00007fffe25d0000 - 0x00007fffe25f3000 	C:\Program Files\Java\jdk1.8.0_192\jre\bin\instrument.dll
0x00007fffe3db0000 - 0x00007fffe3dc6000 	C:\Program Files\Java\jdk1.8.0_192\jre\bin\zip.dll

VM Arguments:
jvm_args: -javaagent:D:\Java\IntelliJ IDEA 2020.1.3\lib\idea_rt.jar=60733:D:\Java\IntelliJ IDEA 2020.1.3\bin -Dfile.encoding=UTF-8 
java_command: TestDome
java_class_path (initial): C:\Program Files\Java\jdk1.8.0_192\jre\lib\charsets.jar;C:\Program Files\Java\jdk1.8.0_192\jre\lib\deploy.jar;C:\Program Files\Java\jdk1.8.0_192\jre\lib\ext\access-bridge-64.jar;C:\Program Files\Java\jdk1.8.0_192\jre\lib\ext\cldrdata.jar;C:\Program Files\Java\jdk1.8.0_192\jre\lib\ext\dnsns.jar;C:\Program Files\Java\jdk1.8.0_192\jre\lib\ext\jaccess.jar;C:\Program Files\Java\jdk1.8.0_192\jre\lib\ext\jfxrt.jar;C:\Program Files\Java\jdk1.8.0_192\jre\lib\ext\localedata.jar;C:\Program Files\Java\jdk1.8.0_192\jre\lib\ext\nashorn.jar;C:\Program Files\Java\jdk1.8.0_192\jre\lib\ext\sunec.jar;C:\Program Files\Java\jdk1.8.0_192\jre\lib\ext\sunjce_provider.jar;C:\Program Files\Java\jdk1.8.0_192\jre\lib\ext\sunmscapi.jar;C:\Program Files\Java\jdk1.8.0_192\jre\lib\ext\sunpkcs11.jar;C:\Program Files\Java\jdk1.8.0_192\jre\lib\ext\zipfs.jar;C:\Program Files\Java\jdk1.8.0_192\jre\lib\javaws.jar;C:\Program Files\Java\jdk1.8.0_192\jre\lib\jce.jar;C:\Program Files\Java\jdk1.8.0_192\jre\lib\jfr.jar;C:\Program Files\Java\jdk1.8.0_192\jre\lib\jfxswt.jar;C:\Program Files\Java\jdk1.8.0_192\jre\lib\jsse.jar;C:\Program Files\Java\jdk1.8.0_192\jre\lib\management-agent.jar;C:\Program Files\Java\jdk1.8.0_192\jre\lib\plugin.jar;C:\Program Files\Java\jdk1.8.0_192\jre\lib\resources.jar;C:\Program Files\Java\jdk1.8.0_192\jre\lib\rt.jar;D:\Java\Java_test\2021.4.27\out\production\2021.4.27;D:\Java\IntelliJ IDEA 2020.1.3\lib\idea_rt.jar
Launcher Type: SUN_STANDARD

Environment Variables:
JAVA_HOME=C:\Program Files\Java\jdk1.8.0_192
CLASSPATH=.;C:\Program Files\Java\jdk1.8.0_192\lib\dt.jar;C:\Program Files\Java\jdk1.8.0_192\lib\tools.jar
PATH=C:\Program Files (x86)\Common Files\Oracle\Java\javapath;C:\Windows\system32;C:\Windows;C:\Windows\System32\Wbem;C:\Windows\System32\WindowsPowerShell\v1.0\;C:\Windows\System32\OpenSSH\;C:\Program Files (x86)\NVIDIA Corporation\PhysX\Common;C:\Program Files\NVIDIA Corporation\NVIDIA NvDLISR;D:\Program Files\Git\cmd;C:\Program Files\TortoiseGit\bin;C:\Program Files\dotnet\;C:\Program Files\Java\jdk1.8.0_192\bin;;C:\WINDOWS\system32;C:\WINDOWS;C:\WINDOWS\System32\Wbem;C:\WINDOWS\System32\WindowsPowerShell\v1.0\;C:\WINDOWS\System32\OpenSSH\;C:\Users\Q\AppData\Local\Programs\Python\Python39\Scripts\;C:\Users\Q\AppData\Local\Programs\Python\Python39\;C:\Users\Q\AppData\Local\Microsoft\WindowsApps;C:\Users\Q\.dotnet\tools;
USERNAME=柒
OS=Windows_NT
PROCESSOR_IDENTIFIER=Intel64 Family 6 Model 126 Stepping 5, GenuineIntel



---------------  S Y S T E M  ---------------

OS: Windows 10.0 , 64 bit Build 19041 (10.0.19041.928)

CPU:total 8 (initial active 8) (4 cores per cpu, 2 threads per core) family 6 model 126 stepping 5, cmov, cx8, fxsr, mmx, sse, sse2, sse3, ssse3, sse4.1, sse4.2, popcnt, avx, avx2, aes, clmul, erms, 3dnowpref, lzcnt, ht, tsc, tscinvbit, bmi1, bmi2, adx

Memory: 4k page, physical 16547832k(5381928k free), swap 29655028k(5580k free)

vm_info: Java HotSpot(TM) 64-Bit Server VM (25.192-b12) for windows-amd64 JRE (1.8.0_192-b12), built on Oct  6 2018 17:12:23 by "java_re" with MS VC++ 10.0 (VS2010)

time: Sat May 08 17:09:12 2021
timezone: 中国标准时间
elapsed time: 0 seconds (0d 0h 0m 0s)

